2018-03-07 17:27:04,649 ERROR quartz.LocalDataSourceJobStore - MisfireHandler: Error handling misfires: Couldn't store trigger 'test.simpleJob' for 'test.simpleJob' job:Couldn't retrieve job because the BLOB couldn't be deserialized: com.job.entity.ScheduleJob; local class incompatible: stream classdesc serialVersionUID = 9044473148843597867, local class serialVersionUID = 3682237868576343805
org.quartz.JobPersistenceException: Couldn't store trigger 'test.simpleJob' for 'test.simpleJob' job:Couldn't retrieve job because the BLOB couldn't be deserialized: com.job.entity.ScheduleJob; local class incompatible: stream classdesc serialVersionUID = 9044473148843597867, local class serialVersionUID = 3682237868576343805 [See nested exception: org.quartz.JobPersistenceException: Couldn't retrieve job because the BLOB couldn't be deserialized: com.job.entity.ScheduleJob; local class incompatible: stream classdesc serialVersionUID = 9044473148843597867, local class serialVersionUID = 3682237868576343805 [See nested exception: java.io.InvalidClassException: com.job.entity.ScheduleJob; local class incompatible: stream classdesc serialVersionUID = 9044473148843597867, local class serialVersionUID = 3682237868576343805]]
	at org.quartz.impl.jdbcjobstore.JobStoreSupport.storeTrigger(JobStoreSupport.java:1228)
	at org.quartz.impl.jdbcjobstore.JobStoreSupport.doUpdateOfMisfiredTrigger(JobStoreSupport.java:1042)
	at org.quartz.impl.jdbcjobstore.JobStoreSupport.recoverMisfiredJobs(JobStoreSupport.java:991)
	at org.quartz.impl.jdbcjobstore.JobStoreSupport.doRecoverMisfires(JobStoreSupport.java:3249)
	at org.quartz.impl.jdbcjobstore.JobStoreSupport$MisfireHandler.manage(JobStoreSupport.java:3997)
	at org.quartz.impl.jdbcjobstore.JobStoreSupport$MisfireHandler.run(JobStoreSupport.java:4018)
Caused by: org.quartz.JobPersistenceException: Couldn't retrieve job because the BLOB couldn't be deserialized: com.job.entity.ScheduleJob; local class incompatible: stream classdesc serialVersionUID = 9044473148843597867, local class serialVersionUID = 3682237868576343805 [See nested exception: java.io.InvalidClassException: com.job.entity.ScheduleJob; local class incompatible: stream classdesc serialVersionUID = 9044473148843597867, local class serialVersionUID = 3682237868576343805]
	at org.quartz.impl.jdbcjobstore.JobStoreSupport.retrieveJob(JobStoreSupport.java:1397)
	at org.quartz.impl.jdbcjobstore.JobStoreSupport.storeTrigger(JobStoreSupport.java:1210)
	... 5 more
Caused by: java.io.InvalidClassException: com.job.entity.ScheduleJob; local class incompatible: stream classdesc serialVersionUID = 9044473148843597867, local class serialVersionUID = 3682237868576343805
	at java.io.ObjectStreamClass.initNonProxy(ObjectStreamClass.java:616)
	at java.io.ObjectInputStream.readNonProxyDesc(ObjectInputStream.java:1630)
	at java.io.ObjectInputStream.readClassDesc(ObjectInputStream.java:1521)
	at java.io.ObjectInputStream.readOrdinaryObject(ObjectInputStream.java:1781)
	at java.io.ObjectInputStream.readObject0(ObjectInputStream.java:1353)
	at java.io.ObjectInputStream.readObject(ObjectInputStream.java:373)
	at java.util.HashMap.readObject(HashMap.java:1404)
	at sun.reflect.NativeMethodAccessorImpl.invoke0(Native Method)
	at sun.reflect.NativeMethodAccessorImpl.invoke(NativeMethodAccessorImpl.java:62)
	at sun.reflect.DelegatingMethodAccessorImpl.invoke(DelegatingMethodAccessorImpl.java:43)
	at java.lang.reflect.Method.invoke(Method.java:498)
	at java.io.ObjectStreamClass.invokeReadObject(ObjectStreamClass.java:1058)
	at java.io.ObjectInputStream.readSerialData(ObjectInputStream.java:1909)
	at java.io.ObjectInputStream.readOrdinaryObject(ObjectInputStream.java:1808)
	at java.io.ObjectInputStream.readObject0(ObjectInputStream.java:1353)
	at java.io.ObjectInputStream.defaultReadFields(ObjectInputStream.java:2018)
	at java.io.ObjectInputStream.readSerialData(ObjectInputStream.java:1942)
	at java.io.ObjectInputStream.readOrdinaryObject(ObjectInputStream.java:1808)
	at java.io.ObjectInputStream.readObject0(ObjectInputStream.java:1353)
	at java.io.ObjectInputStream.readObject(ObjectInputStream.java:373)
	at org.quartz.impl.jdbcjobstore.StdJDBCDelegate.getObjectFromBlob(StdJDBCDelegate.java:3201)
	at org.quartz.impl.jdbcjobstore.StdJDBCDelegate.selectJobDetail(StdJDBCDelegate.java:860)
	at org.quartz.impl.jdbcjobstore.JobStoreSupport.retrieveJob(JobStoreSupport.java:1390)
	... 6 more
2018-03-07 17:29:07,195 ERROR quartz.LocalDataSourceJobStore - MisfireHandler: Error handling misfires: Couldn't store trigger 'test.simpleJob' for 'test.simpleJob' job:Couldn't retrieve job because the BLOB couldn't be deserialized: com.job.entity.ScheduleJob; local class incompatible: stream classdesc serialVersionUID = 9044473148843597867, local class serialVersionUID = 3682237868576343805
org.quartz.JobPersistenceException: Couldn't store trigger 'test.simpleJob' for 'test.simpleJob' job:Couldn't retrieve job because the BLOB couldn't be deserialized: com.job.entity.ScheduleJob; local class incompatible: stream classdesc serialVersionUID = 9044473148843597867, local class serialVersionUID = 3682237868576343805 [See nested exception: org.quartz.JobPersistenceException: Couldn't retrieve job because the BLOB couldn't be deserialized: com.job.entity.ScheduleJob; local class incompatible: stream classdesc serialVersionUID = 9044473148843597867, local class serialVersionUID = 3682237868576343805 [See nested exception: java.io.InvalidClassException: com.job.entity.ScheduleJob; local class incompatible: stream classdesc serialVersionUID = 9044473148843597867, local class serialVersionUID = 3682237868576343805]]
	at org.quartz.impl.jdbcjobstore.JobStoreSupport.storeTrigger(JobStoreSupport.java:1228)
	at org.quartz.impl.jdbcjobstore.JobStoreSupport.doUpdateOfMisfiredTrigger(JobStoreSupport.java:1042)
	at org.quartz.impl.jdbcjobstore.JobStoreSupport.recoverMisfiredJobs(JobStoreSupport.java:991)
	at org.quartz.impl.jdbcjobstore.JobStoreSupport.doRecoverMisfires(JobStoreSupport.java:3249)
	at org.quartz.impl.jdbcjobstore.JobStoreSupport$MisfireHandler.manage(JobStoreSupport.java:3997)
	at org.quartz.impl.jdbcjobstore.JobStoreSupport$MisfireHandler.run(JobStoreSupport.java:4018)
Caused by: org.quartz.JobPersistenceException: Couldn't retrieve job because the BLOB couldn't be deserialized: com.job.entity.ScheduleJob; local class incompatible: stream classdesc serialVersionUID = 9044473148843597867, local class serialVersionUID = 3682237868576343805 [See nested exception: java.io.InvalidClassException: com.job.entity.ScheduleJob; local class incompatible: stream classdesc serialVersionUID = 9044473148843597867, local class serialVersionUID = 3682237868576343805]
	at org.quartz.impl.jdbcjobstore.JobStoreSupport.retrieveJob(JobStoreSupport.java:1397)
	at org.quartz.impl.jdbcjobstore.JobStoreSupport.storeTrigger(JobStoreSupport.java:1210)
	... 5 more
Caused by: java.io.InvalidClassException: com.job.entity.ScheduleJob; local class incompatible: stream classdesc serialVersionUID = 9044473148843597867, local class serialVersionUID = 3682237868576343805
	at java.io.ObjectStreamClass.initNonProxy(ObjectStreamClass.java:616)
	at java.io.ObjectInputStream.readNonProxyDesc(ObjectInputStream.java:1630)
	at java.io.ObjectInputStream.readClassDesc(ObjectInputStream.java:1521)
	at java.io.ObjectInputStream.readOrdinaryObject(ObjectInputStream.java:1781)
	at java.io.ObjectInputStream.readObject0(ObjectInputStream.java:1353)
	at java.io.ObjectInputStream.readObject(ObjectInputStream.java:373)
	at java.util.HashMap.readObject(HashMap.java:1404)
	at sun.reflect.NativeMethodAccessorImpl.invoke0(Native Method)
	at sun.reflect.NativeMethodAccessorImpl.invoke(NativeMethodAccessorImpl.java:62)
	at sun.reflect.DelegatingMethodAccessorImpl.invoke(DelegatingMethodAccessorImpl.java:43)
	at java.lang.reflect.Method.invoke(Method.java:498)
	at java.io.ObjectStreamClass.invokeReadObject(ObjectStreamClass.java:1058)
	at java.io.ObjectInputStream.readSerialData(ObjectInputStream.java:1909)
	at java.io.ObjectInputStream.readOrdinaryObject(ObjectInputStream.java:1808)
	at java.io.ObjectInputStream.readObject0(ObjectInputStream.java:1353)
	at java.io.ObjectInputStream.defaultReadFields(ObjectInputStream.java:2018)
	at java.io.ObjectInputStream.readSerialData(ObjectInputStream.java:1942)
	at java.io.ObjectInputStream.readOrdinaryObject(ObjectInputStream.java:1808)
	at java.io.ObjectInputStream.readObject0(ObjectInputStream.java:1353)
	at java.io.ObjectInputStream.readObject(ObjectInputStream.java:373)
	at org.quartz.impl.jdbcjobstore.StdJDBCDelegate.getObjectFromBlob(StdJDBCDelegate.java:3201)
	at org.quartz.impl.jdbcjobstore.StdJDBCDelegate.selectJobDetail(StdJDBCDelegate.java:860)
	at org.quartz.impl.jdbcjobstore.JobStoreSupport.retrieveJob(JobStoreSupport.java:1390)
	... 6 more
2018-03-07 17:30:04,649 ERROR quartz.LocalDataSourceJobStore - MisfireHandler: Error handling misfires: Couldn't store trigger 'test.simpleJob' for 'test.simpleJob' job:Couldn't retrieve job because the BLOB couldn't be deserialized: com.job.entity.ScheduleJob; local class incompatible: stream classdesc serialVersionUID = 9044473148843597867, local class serialVersionUID = 3682237868576343805
org.quartz.JobPersistenceException: Couldn't store trigger 'test.simpleJob' for 'test.simpleJob' job:Couldn't retrieve job because the BLOB couldn't be deserialized: com.job.entity.ScheduleJob; local class incompatible: stream classdesc serialVersionUID = 9044473148843597867, local class serialVersionUID = 3682237868576343805 [See nested exception: org.quartz.JobPersistenceException: Couldn't retrieve job because the BLOB couldn't be deserialized: com.job.entity.ScheduleJob; local class incompatible: stream classdesc serialVersionUID = 9044473148843597867, local class serialVersionUID = 3682237868576343805 [See nested exception: java.io.InvalidClassException: com.job.entity.ScheduleJob; local class incompatible: stream classdesc serialVersionUID = 9044473148843597867, local class serialVersionUID = 3682237868576343805]]
	at org.quartz.impl.jdbcjobstore.JobStoreSupport.storeTrigger(JobStoreSupport.java:1228)
	at org.quartz.impl.jdbcjobstore.JobStoreSupport.doUpdateOfMisfiredTrigger(JobStoreSupport.java:1042)
	at org.quartz.impl.jdbcjobstore.JobStoreSupport.recoverMisfiredJobs(JobStoreSupport.java:991)
	at org.quartz.impl.jdbcjobstore.JobStoreSupport.doRecoverMisfires(JobStoreSupport.java:3249)
	at org.quartz.impl.jdbcjobstore.JobStoreSupport$MisfireHandler.manage(JobStoreSupport.java:3997)
	at org.quartz.impl.jdbcjobstore.JobStoreSupport$MisfireHandler.run(JobStoreSupport.java:4018)
Caused by: org.quartz.JobPersistenceException: Couldn't retrieve job because the BLOB couldn't be deserialized: com.job.entity.ScheduleJob; local class incompatible: stream classdesc serialVersionUID = 9044473148843597867, local class serialVersionUID = 3682237868576343805 [See nested exception: java.io.InvalidClassException: com.job.entity.ScheduleJob; local class incompatible: stream classdesc serialVersionUID = 9044473148843597867, local class serialVersionUID = 3682237868576343805]
	at org.quartz.impl.jdbcjobstore.JobStoreSupport.retrieveJob(JobStoreSupport.java:1397)
	at org.quartz.impl.jdbcjobstore.JobStoreSupport.storeTrigger(JobStoreSupport.java:1210)
	... 5 more
Caused by: java.io.InvalidClassException: com.job.entity.ScheduleJob; local class incompatible: stream classdesc serialVersionUID = 9044473148843597867, local class serialVersionUID = 3682237868576343805
	at java.io.ObjectStreamClass.initNonProxy(ObjectStreamClass.java:616)
	at java.io.ObjectInputStream.readNonProxyDesc(ObjectInputStream.java:1630)
	at java.io.ObjectInputStream.readClassDesc(ObjectInputStream.java:1521)
	at java.io.ObjectInputStream.readOrdinaryObject(ObjectInputStream.java:1781)
	at java.io.ObjectInputStream.readObject0(ObjectInputStream.java:1353)
	at java.io.ObjectInputStream.readObject(ObjectInputStream.java:373)
	at java.util.HashMap.readObject(HashMap.java:1404)
	at sun.reflect.NativeMethodAccessorImpl.invoke0(Native Method)
	at sun.reflect.NativeMethodAccessorImpl.invoke(NativeMethodAccessorImpl.java:62)
	at sun.reflect.DelegatingMethodAccessorImpl.invoke(DelegatingMethodAccessorImpl.java:43)
	at java.lang.reflect.Method.invoke(Method.java:498)
	at java.io.ObjectStreamClass.invokeReadObject(ObjectStreamClass.java:1058)
	at java.io.ObjectInputStream.readSerialData(ObjectInputStream.java:1909)
	at java.io.ObjectInputStream.readOrdinaryObject(ObjectInputStream.java:1808)
	at java.io.ObjectInputStream.readObject0(ObjectInputStream.java:1353)
	at java.io.ObjectInputStream.defaultReadFields(ObjectInputStream.java:2018)
	at java.io.ObjectInputStream.readSerialData(ObjectInputStream.java:1942)
	at java.io.ObjectInputStream.readOrdinaryObject(ObjectInputStream.java:1808)
	at java.io.ObjectInputStream.readObject0(ObjectInputStream.java:1353)
	at java.io.ObjectInputStream.readObject(ObjectInputStream.java:373)
	at org.quartz.impl.jdbcjobstore.StdJDBCDelegate.getObjectFromBlob(StdJDBCDelegate.java:3201)
	at org.quartz.impl.jdbcjobstore.StdJDBCDelegate.selectJobDetail(StdJDBCDelegate.java:860)
	at org.quartz.impl.jdbcjobstore.JobStoreSupport.retrieveJob(JobStoreSupport.java:1390)
	... 6 more
